{"/home/andregmdias/Documentos/full_cycle/tdd/project/src/application/services/booking_service.ts": {"path":"/home/andregmdias/Documentos/full_cycle/tdd/project/src/application/services/booking_service.ts","statementMap":{"0":{"start":{"line":3,"column":0},"end":{"line":3,"column":54}},"1":{"start":{"line":6,"column":0},"end":{"line":6,"column":64}},"2":{"start":{"line":7,"column":0},"end":{"line":7,"column":32}},"3":{"start":{"line":11,"column":16},"end":{"line":11,"column":52}},"4":{"start":{"line":12,"column":16},"end":{"line":12,"column":48}},"5":{"start":{"line":13,"column":16},"end":{"line":13,"column":40}},"6":{"start":{"line":16,"column":25},"end":{"line":16,"column":76}},"7":{"start":{"line":18,"column":8},"end":{"line":20,"column":9}},"8":{"start":{"line":19,"column":12},"end":{"line":19,"column":59}},"9":{"start":{"line":22,"column":21},"end":{"line":22,"column":69}},"10":{"start":{"line":24,"column":8},"end":{"line":26,"column":9}},"11":{"start":{"line":25,"column":12},"end":{"line":25,"column":54}},"12":{"start":{"line":28,"column":26},"end":{"line":28,"column":67}},"13":{"start":{"line":30,"column":24},"end":{"line":35,"column":null}},"14":{"start":{"line":37,"column":8},"end":{"line":37,"column":51}},"15":{"start":{"line":38,"column":8},"end":{"line":38,"column":23}},"16":{"start":{"line":42,"column":24},"end":{"line":42,"column":65}},"17":{"start":{"line":43,"column":8},"end":{"line":45,"column":9}},"18":{"start":{"line":44,"column":12},"end":{"line":44,"column":null}},"19":{"start":{"line":47,"column":8},"end":{"line":47,"column":null}},"20":{"start":{"line":48,"column":8},"end":{"line":48,"column":51}},"21":{"start":{"line":9,"column":0},"end":{"line":9,"column":13}}},"fnMap":{"0":{"name":"(anonymous_7)","decl":{"start":{"line":10,"column":4},"end":{"line":10,"column":null}},"loc":{"start":{"line":13,"column":40},"end":{"line":14,"column":8}}},"1":{"name":"(anonymous_8)","decl":{"start":{"line":15,"column":10},"end":{"line":15,"column":23}},"loc":{"start":{"line":15,"column":45},"end":{"line":39,"column":null}}},"2":{"name":"(anonymous_10)","decl":{"start":{"line":41,"column":10},"end":{"line":41,"column":23}},"loc":{"start":{"line":41,"column":34},"end":{"line":49,"column":null}}}},"branchMap":{"0":{"loc":{"start":{"line":18,"column":8},"end":{"line":20,"column":9}},"type":"if","locations":[{"start":{"line":18,"column":8},"end":{"line":20,"column":9}}]},"1":{"loc":{"start":{"line":24,"column":8},"end":{"line":26,"column":9}},"type":"if","locations":[{"start":{"line":24,"column":8},"end":{"line":26,"column":9}}]},"2":{"loc":{"start":{"line":43,"column":8},"end":{"line":45,"column":9}},"type":"if","locations":[{"start":{"line":43,"column":8},"end":{"line":45,"column":9}}]}},"s":{"0":1,"1":1,"2":1,"3":1,"4":1,"5":1,"6":4,"7":4,"8":1,"9":3,"10":3,"11":0,"12":3,"13":3,"14":2,"15":2,"16":2,"17":2,"18":1,"19":1,"20":1,"21":1},"f":{"0":1,"1":4,"2":2},"b":{"0":[1],"1":[0],"2":[1]}}
,"/home/andregmdias/Documentos/full_cycle/tdd/project/src/application/services/property_service.ts": {"path":"/home/andregmdias/Documentos/full_cycle/tdd/project/src/application/services/property_service.ts","statementMap":{"0":{"start":{"line":5,"column":31},"end":{"line":5,"column":69}},"1":{"start":{"line":8,"column":4},"end":{"line":8,"column":48}},"2":{"start":{"line":12,"column":4},"end":{"line":12,"column":50}},"3":{"start":{"line":4,"column":0},"end":{"line":4,"column":13}}},"fnMap":{"0":{"name":"(anonymous_7)","decl":{"start":{"line":5,"column":2},"end":{"line":5,"column":31}},"loc":{"start":{"line":5,"column":69},"end":{"line":5,"column":73}}},"1":{"name":"(anonymous_8)","decl":{"start":{"line":7,"column":8},"end":{"line":7,"column":16}},"loc":{"start":{"line":7,"column":27},"end":{"line":9,"column":null}}},"2":{"name":"(anonymous_10)","decl":{"start":{"line":11,"column":8},"end":{"line":11,"column":12}},"loc":{"start":{"line":11,"column":31},"end":{"line":13,"column":null}}}},"branchMap":{},"s":{"0":1,"1":4,"2":0,"3":1},"f":{"0":1,"1":4,"2":0},"b":{}}
,"/home/andregmdias/Documentos/full_cycle/tdd/project/src/application/services/user_service.ts": {"path":"/home/andregmdias/Documentos/full_cycle/tdd/project/src/application/services/user_service.ts","statementMap":{"0":{"start":{"line":5,"column":31},"end":{"line":5,"column":61}},"1":{"start":{"line":8,"column":4},"end":{"line":8,"column":44}},"2":{"start":{"line":12,"column":4},"end":{"line":12,"column":42}},"3":{"start":{"line":4,"column":0},"end":{"line":4,"column":13}}},"fnMap":{"0":{"name":"(anonymous_7)","decl":{"start":{"line":5,"column":2},"end":{"line":5,"column":31}},"loc":{"start":{"line":5,"column":61},"end":{"line":5,"column":65}}},"1":{"name":"(anonymous_8)","decl":{"start":{"line":7,"column":8},"end":{"line":7,"column":20}},"loc":{"start":{"line":7,"column":31},"end":{"line":9,"column":null}}},"2":{"name":"(anonymous_10)","decl":{"start":{"line":11,"column":8},"end":{"line":11,"column":12}},"loc":{"start":{"line":11,"column":23},"end":{"line":13,"column":null}}}},"branchMap":{},"s":{"0":1,"1":3,"2":0,"3":1},"f":{"0":1,"1":3,"2":0},"b":{}}
,"/home/andregmdias/Documentos/full_cycle/tdd/project/src/domain/cacelation/full_refund.ts": {"path":"/home/andregmdias/Documentos/full_cycle/tdd/project/src/domain/cacelation/full_refund.ts","statementMap":{"0":{"start":{"line":5,"column":4},"end":{"line":5,"column":13}},"1":{"start":{"line":3,"column":0},"end":{"line":3,"column":13}}},"fnMap":{"0":{"name":"(anonymous_0)","decl":{"start":{"line":4,"column":2},"end":{"line":4,"column":17}},"loc":{"start":{"line":4,"column":36},"end":{"line":6,"column":3}}}},"branchMap":{},"s":{"0":0,"1":1},"f":{"0":0},"b":{}}
,"/home/andregmdias/Documentos/full_cycle/tdd/project/src/domain/cacelation/no_refund.ts": {"path":"/home/andregmdias/Documentos/full_cycle/tdd/project/src/domain/cacelation/no_refund.ts","statementMap":{"0":{"start":{"line":5,"column":4},"end":{"line":5,"column":22}},"1":{"start":{"line":3,"column":0},"end":{"line":3,"column":13}}},"fnMap":{"0":{"name":"(anonymous_0)","decl":{"start":{"line":4,"column":2},"end":{"line":4,"column":17}},"loc":{"start":{"line":4,"column":36},"end":{"line":6,"column":3}}}},"branchMap":{},"s":{"0":1,"1":1},"f":{"0":1},"b":{}}
,"/home/andregmdias/Documentos/full_cycle/tdd/project/src/domain/cacelation/partial_refund.ts": {"path":"/home/andregmdias/Documentos/full_cycle/tdd/project/src/domain/cacelation/partial_refund.ts","statementMap":{"0":{"start":{"line":5,"column":4},"end":{"line":5,"column":28}},"1":{"start":{"line":3,"column":0},"end":{"line":3,"column":13}}},"fnMap":{"0":{"name":"(anonymous_0)","decl":{"start":{"line":4,"column":2},"end":{"line":4,"column":17}},"loc":{"start":{"line":4,"column":36},"end":{"line":6,"column":3}}}},"branchMap":{},"s":{"0":0,"1":1},"f":{"0":0},"b":{}}
,"/home/andregmdias/Documentos/full_cycle/tdd/project/src/domain/cacelation/refund_rule_factory.ts": {"path":"/home/andregmdias/Documentos/full_cycle/tdd/project/src/domain/cacelation/refund_rule_factory.ts","statementMap":{"0":{"start":{"line":1,"column":0},"end":{"line":1,"column":43}},"1":{"start":{"line":2,"column":0},"end":{"line":2,"column":39}},"2":{"start":{"line":3,"column":0},"end":{"line":3,"column":49}},"3":{"start":{"line":8,"column":4},"end":{"line":12,"column":5}},"4":{"start":{"line":9,"column":6},"end":{"line":9,"column":30}},"5":{"start":{"line":10,"column":11},"end":{"line":12,"column":5}},"6":{"start":{"line":11,"column":6},"end":{"line":11,"column":33}},"7":{"start":{"line":13,"column":4},"end":{"line":13,"column":26}},"8":{"start":{"line":6,"column":0},"end":{"line":6,"column":13}}},"fnMap":{"0":{"name":"(anonymous_0)","decl":{"start":{"line":7,"column":2},"end":{"line":7,"column":8}},"loc":{"start":{"line":7,"column":47},"end":{"line":14,"column":3}}}},"branchMap":{"0":{"loc":{"start":{"line":8,"column":4},"end":{"line":12,"column":5}},"type":"if","locations":[{"start":{"line":8,"column":4},"end":{"line":12,"column":5}},{"start":{"line":10,"column":11},"end":{"line":12,"column":5}}]},"1":{"loc":{"start":{"line":10,"column":11},"end":{"line":12,"column":5}},"type":"if","locations":[{"start":{"line":10,"column":11},"end":{"line":12,"column":5}}]}},"s":{"0":1,"1":1,"2":1,"3":1,"4":0,"5":1,"6":0,"7":1,"8":1},"f":{"0":1},"b":{"0":[0,1],"1":[0]}}
,"/home/andregmdias/Documentos/full_cycle/tdd/project/src/domain/entities/booking.ts": {"path":"/home/andregmdias/Documentos/full_cycle/tdd/project/src/domain/entities/booking.ts","statementMap":{"0":{"start":{"line":1,"column":0},"end":{"line":1,"column":70}},"1":{"start":{"line":12,"column":10},"end":{"line":12,"column":58}},"2":{"start":{"line":22,"column":4},"end":{"line":24,"column":5}},"3":{"start":{"line":23,"column":6},"end":{"line":23,"column":71}},"4":{"start":{"line":25,"column":4},"end":{"line":25,"column":44}},"5":{"start":{"line":27,"column":4},"end":{"line":31,"column":5}},"6":{"start":{"line":28,"column":6},"end":{"line":30,"column":8}},"7":{"start":{"line":33,"column":4},"end":{"line":33,"column":17}},"8":{"start":{"line":34,"column":4},"end":{"line":34,"column":29}},"9":{"start":{"line":35,"column":4},"end":{"line":35,"column":23}},"10":{"start":{"line":36,"column":4},"end":{"line":36,"column":31}},"11":{"start":{"line":37,"column":4},"end":{"line":37,"column":37}},"12":{"start":{"line":38,"column":4},"end":{"line":38,"column":62}},"13":{"start":{"line":39,"column":4},"end":{"line":39,"column":30}},"14":{"start":{"line":41,"column":4},"end":{"line":41,"column":30}},"15":{"start":{"line":45,"column":4},"end":{"line":47,"column":5}},"16":{"start":{"line":46,"column":6},"end":{"line":46,"column":53}},"17":{"start":{"line":48,"column":4},"end":{"line":48,"column":30}},"18":{"start":{"line":49,"column":24},"end":{"line":49,"column":53}},"19":{"start":{"line":50,"column":21},"end":{"line":50,"column":66}},"20":{"start":{"line":51,"column":30},"end":{"line":51,"column":70}},"21":{"start":{"line":53,"column":23},"end":{"line":53,"column":73}},"22":{"start":{"line":54,"column":4},"end":{"line":54,"column":66}},"23":{"start":{"line":58,"column":4},"end":{"line":58,"column":27}},"24":{"start":{"line":62,"column":4},"end":{"line":62,"column":19}},"25":{"start":{"line":66,"column":4},"end":{"line":66,"column":25}},"26":{"start":{"line":70,"column":4},"end":{"line":70,"column":22}},"27":{"start":{"line":74,"column":4},"end":{"line":74,"column":26}},"28":{"start":{"line":78,"column":4},"end":{"line":78,"column":31}},"29":{"start":{"line":82,"column":4},"end":{"line":82,"column":23}},"30":{"start":{"line":6,"column":0},"end":{"line":6,"column":13}}},"fnMap":{"0":{"name":"(anonymous_0)","decl":{"start":{"line":15,"column":2},"end":{"line":15,"column":null}},"loc":{"start":{"line":20,"column":22},"end":{"line":42,"column":3}}},"1":{"name":"(anonymous_1)","decl":{"start":{"line":44,"column":2},"end":{"line":44,"column":8}},"loc":{"start":{"line":44,"column":26},"end":{"line":55,"column":3}}},"2":{"name":"(anonymous_2)","decl":{"start":{"line":57,"column":2},"end":{"line":57,"column":15}},"loc":{"start":{"line":57,"column":15},"end":{"line":59,"column":3}}},"3":{"name":"(anonymous_3)","decl":{"start":{"line":61,"column":2},"end":{"line":61,"column":7}},"loc":{"start":{"line":61,"column":7},"end":{"line":63,"column":3}}},"4":{"name":"(anonymous_4)","decl":{"start":{"line":65,"column":2},"end":{"line":65,"column":13}},"loc":{"start":{"line":65,"column":13},"end":{"line":67,"column":3}}},"5":{"name":"(anonymous_5)","decl":{"start":{"line":69,"column":2},"end":{"line":69,"column":10}},"loc":{"start":{"line":69,"column":10},"end":{"line":71,"column":3}}},"6":{"name":"(anonymous_6)","decl":{"start":{"line":73,"column":2},"end":{"line":73,"column":14}},"loc":{"start":{"line":73,"column":14},"end":{"line":75,"column":3}}},"7":{"name":"(anonymous_7)","decl":{"start":{"line":77,"column":2},"end":{"line":77,"column":15}},"loc":{"start":{"line":77,"column":15},"end":{"line":79,"column":3}}},"8":{"name":"(anonymous_8)","decl":{"start":{"line":81,"column":2},"end":{"line":81,"column":11}},"loc":{"start":{"line":81,"column":11},"end":{"line":83,"column":3}}}},"branchMap":{"0":{"loc":{"start":{"line":22,"column":4},"end":{"line":24,"column":5}},"type":"if","locations":[{"start":{"line":22,"column":4},"end":{"line":24,"column":5}}]},"1":{"loc":{"start":{"line":27,"column":4},"end":{"line":31,"column":5}},"type":"if","locations":[{"start":{"line":27,"column":4},"end":{"line":31,"column":5}}]},"2":{"loc":{"start":{"line":45,"column":4},"end":{"line":47,"column":5}},"type":"if","locations":[{"start":{"line":45,"column":4},"end":{"line":47,"column":5}}]}},"s":{"0":1,"1":4,"2":4,"3":1,"4":3,"5":3,"6":0,"7":3,"8":3,"9":3,"10":3,"11":3,"12":3,"13":3,"14":3,"15":1,"16":0,"17":1,"18":1,"19":1,"20":1,"21":1,"22":1,"23":5,"24":5,"25":5,"26":5,"27":10,"28":5,"29":5,"30":1},"f":{"0":4,"1":1,"2":5,"3":5,"4":5,"5":5,"6":10,"7":5,"8":5},"b":{"0":[1],"1":[0],"2":[0]}}
,"/home/andregmdias/Documentos/full_cycle/tdd/project/src/domain/entities/property.ts": {"path":"/home/andregmdias/Documentos/full_cycle/tdd/project/src/domain/entities/property.ts","statementMap":{"0":{"start":{"line":10,"column":19},"end":{"line":10,"column":44}},"1":{"start":{"line":19,"column":4},"end":{"line":21,"column":5}},"2":{"start":{"line":20,"column":6},"end":{"line":20,"column":46}},"3":{"start":{"line":23,"column":4},"end":{"line":25,"column":5}},"4":{"start":{"line":24,"column":6},"end":{"line":24,"column":77}},"5":{"start":{"line":27,"column":4},"end":{"line":27,"column":17}},"6":{"start":{"line":28,"column":4},"end":{"line":28,"column":21}},"7":{"start":{"line":29,"column":4},"end":{"line":29,"column":35}},"8":{"start":{"line":30,"column":4},"end":{"line":30,"column":31}},"9":{"start":{"line":31,"column":4},"end":{"line":31,"column":47}},"10":{"start":{"line":35,"column":4},"end":{"line":39,"column":5}},"11":{"start":{"line":36,"column":6},"end":{"line":38,"column":8}},"12":{"start":{"line":43,"column":24},"end":{"line":43,"column":50}},"13":{"start":{"line":44,"column":23},"end":{"line":44,"column":59}},"14":{"start":{"line":46,"column":4},"end":{"line":48,"column":5}},"15":{"start":{"line":47,"column":6},"end":{"line":47,"column":30}},"16":{"start":{"line":49,"column":4},"end":{"line":49,"column":22}},"17":{"start":{"line":53,"column":4},"end":{"line":57,"column":6}},"18":{"start":{"line":55,"column":8},"end":{"line":56,"column":50}},"19":{"start":{"line":61,"column":4},"end":{"line":61,"column":32}},"20":{"start":{"line":65,"column":4},"end":{"line":65,"column":19}},"21":{"start":{"line":69,"column":4},"end":{"line":69,"column":21}},"22":{"start":{"line":73,"column":4},"end":{"line":73,"column":28}},"23":{"start":{"line":77,"column":4},"end":{"line":77,"column":26}},"24":{"start":{"line":81,"column":4},"end":{"line":81,"column":34}},"25":{"start":{"line":85,"column":4},"end":{"line":85,"column":32}},"26":{"start":{"line":4,"column":0},"end":{"line":4,"column":13}}},"fnMap":{"0":{"name":"(anonymous_0)","decl":{"start":{"line":12,"column":2},"end":{"line":12,"column":null}},"loc":{"start":{"line":17,"column":29},"end":{"line":32,"column":3}}},"1":{"name":"(anonymous_1)","decl":{"start":{"line":34,"column":2},"end":{"line":34,"column":20}},"loc":{"start":{"line":34,"column":39},"end":{"line":40,"column":3}}},"2":{"name":"(anonymous_2)","decl":{"start":{"line":42,"column":2},"end":{"line":42,"column":21}},"loc":{"start":{"line":42,"column":42},"end":{"line":50,"column":3}}},"3":{"name":"(anonymous_3)","decl":{"start":{"line":52,"column":2},"end":{"line":52,"column":13}},"loc":{"start":{"line":52,"column":34},"end":{"line":58,"column":3}}},"4":{"name":"(anonymous_4)","decl":{"start":{"line":54,"column":6},"end":{"line":54,"column":7}},"loc":{"start":{"line":55,"column":8},"end":{"line":56,"column":50}}},"5":{"name":"(anonymous_5)","decl":{"start":{"line":60,"column":2},"end":{"line":60,"column":12}},"loc":{"start":{"line":60,"column":29},"end":{"line":62,"column":3}}},"6":{"name":"(anonymous_6)","decl":{"start":{"line":64,"column":2},"end":{"line":64,"column":7}},"loc":{"start":{"line":64,"column":7},"end":{"line":66,"column":3}}},"7":{"name":"(anonymous_7)","decl":{"start":{"line":68,"column":2},"end":{"line":68,"column":9}},"loc":{"start":{"line":68,"column":9},"end":{"line":70,"column":3}}},"8":{"name":"(anonymous_8)","decl":{"start":{"line":72,"column":2},"end":{"line":72,"column":16}},"loc":{"start":{"line":72,"column":16},"end":{"line":74,"column":3}}},"9":{"name":"(anonymous_9)","decl":{"start":{"line":76,"column":2},"end":{"line":76,"column":14}},"loc":{"start":{"line":76,"column":14},"end":{"line":78,"column":3}}},"10":{"name":"(anonymous_10)","decl":{"start":{"line":80,"column":2},"end":{"line":80,"column":22}},"loc":{"start":{"line":80,"column":22},"end":{"line":82,"column":3}}},"11":{"name":"(anonymous_11)","decl":{"start":{"line":84,"column":2},"end":{"line":84,"column":13}},"loc":{"start":{"line":84,"column":13},"end":{"line":86,"column":3}}}},"branchMap":{"0":{"loc":{"start":{"line":19,"column":4},"end":{"line":21,"column":5}},"type":"if","locations":[{"start":{"line":19,"column":4},"end":{"line":21,"column":5}}]},"1":{"loc":{"start":{"line":23,"column":4},"end":{"line":25,"column":5}},"type":"if","locations":[{"start":{"line":23,"column":4},"end":{"line":25,"column":5}}]},"2":{"loc":{"start":{"line":35,"column":4},"end":{"line":39,"column":5}},"type":"if","locations":[{"start":{"line":35,"column":4},"end":{"line":39,"column":5}}]},"3":{"loc":{"start":{"line":46,"column":4},"end":{"line":48,"column":5}},"type":"if","locations":[{"start":{"line":46,"column":4},"end":{"line":48,"column":5}}]},"4":{"loc":{"start":{"line":55,"column":8},"end":{"line":56,"column":50}},"type":"binary-expr","locations":[{"start":{"line":55,"column":8},"end":{"line":55,"column":43}},{"start":{"line":56,"column":8},"end":{"line":56,"column":50}}]}},"s":{"0":4,"1":4,"2":0,"3":4,"4":0,"5":4,"6":4,"7":4,"8":4,"9":4,"10":3,"11":0,"12":3,"13":3,"14":3,"15":0,"16":3,"17":3,"18":0,"19":3,"20":5,"21":3,"22":3,"23":3,"24":3,"25":0,"26":1},"f":{"0":4,"1":3,"2":3,"3":3,"4":0,"5":3,"6":5,"7":3,"8":3,"9":3,"10":3,"11":0},"b":{"0":[0],"1":[0],"2":[0],"3":[0],"4":[0,0]}}
,"/home/andregmdias/Documentos/full_cycle/tdd/project/src/domain/entities/user.ts": {"path":"/home/andregmdias/Documentos/full_cycle/tdd/project/src/domain/entities/user.ts","statementMap":{"0":{"start":{"line":6,"column":4},"end":{"line":8,"column":5}},"1":{"start":{"line":7,"column":6},"end":{"line":7,"column":46}},"2":{"start":{"line":10,"column":4},"end":{"line":12,"column":5}},"3":{"start":{"line":11,"column":6},"end":{"line":11,"column":44}},"4":{"start":{"line":14,"column":4},"end":{"line":14,"column":17}},"5":{"start":{"line":15,"column":4},"end":{"line":15,"column":21}},"6":{"start":{"line":19,"column":4},"end":{"line":19,"column":19}},"7":{"start":{"line":23,"column":4},"end":{"line":23,"column":21}},"8":{"start":{"line":1,"column":0},"end":{"line":1,"column":13}}},"fnMap":{"0":{"name":"(anonymous_0)","decl":{"start":{"line":5,"column":2},"end":{"line":5,"column":14}},"loc":{"start":{"line":5,"column":38},"end":{"line":16,"column":3}}},"1":{"name":"(anonymous_1)","decl":{"start":{"line":18,"column":2},"end":{"line":18,"column":7}},"loc":{"start":{"line":18,"column":7},"end":{"line":20,"column":3}}},"2":{"name":"(anonymous_2)","decl":{"start":{"line":22,"column":2},"end":{"line":22,"column":9}},"loc":{"start":{"line":22,"column":9},"end":{"line":24,"column":3}}}},"branchMap":{"0":{"loc":{"start":{"line":6,"column":4},"end":{"line":8,"column":5}},"type":"if","locations":[{"start":{"line":6,"column":4},"end":{"line":8,"column":5}}]},"1":{"loc":{"start":{"line":10,"column":4},"end":{"line":12,"column":5}},"type":"if","locations":[{"start":{"line":10,"column":4},"end":{"line":12,"column":5}}]}},"s":{"0":4,"1":0,"2":4,"3":0,"4":4,"5":4,"6":5,"7":3,"8":1},"f":{"0":4,"1":5,"2":3},"b":{"0":[0],"1":[0]}}
,"/home/andregmdias/Documentos/full_cycle/tdd/project/src/domain/value_objects/date_range.ts": {"path":"/home/andregmdias/Documentos/full_cycle/tdd/project/src/domain/value_objects/date_range.ts","statementMap":{"0":{"start":{"line":5,"column":4},"end":{"line":5,"column":44}},"1":{"start":{"line":6,"column":4},"end":{"line":6,"column":31}},"2":{"start":{"line":7,"column":4},"end":{"line":7,"column":27}},"3":{"start":{"line":11,"column":4},"end":{"line":15,"column":5}},"4":{"start":{"line":12,"column":6},"end":{"line":14,"column":8}},"5":{"start":{"line":16,"column":4},"end":{"line":18,"column":5}},"6":{"start":{"line":17,"column":6},"end":{"line":17,"column":80}},"7":{"start":{"line":22,"column":4},"end":{"line":22,"column":26}},"8":{"start":{"line":26,"column":4},"end":{"line":26,"column":24}},"9":{"start":{"line":30,"column":29},"end":{"line":30,"column":78}},"10":{"start":{"line":32,"column":4},"end":{"line":32,"column":52}},"11":{"start":{"line":36,"column":4},"end":{"line":38,"column":6}},"12":{"start":{"line":1,"column":0},"end":{"line":1,"column":13}}},"fnMap":{"0":{"name":"(anonymous_0)","decl":{"start":{"line":4,"column":2},"end":{"line":4,"column":14}},"loc":{"start":{"line":4,"column":44},"end":{"line":8,"column":3}}},"1":{"name":"(anonymous_1)","decl":{"start":{"line":10,"column":10},"end":{"line":10,"column":24}},"loc":{"start":{"line":10,"column":55},"end":{"line":19,"column":3}}},"2":{"name":"(anonymous_2)","decl":{"start":{"line":21,"column":2},"end":{"line":21,"column":14}},"loc":{"start":{"line":21,"column":14},"end":{"line":23,"column":3}}},"3":{"name":"(anonymous_3)","decl":{"start":{"line":25,"column":2},"end":{"line":25,"column":12}},"loc":{"start":{"line":25,"column":12},"end":{"line":27,"column":3}}},"4":{"name":"(anonymous_4)","decl":{"start":{"line":29,"column":2},"end":{"line":29,"column":16}},"loc":{"start":{"line":29,"column":16},"end":{"line":33,"column":3}}},"5":{"name":"(anonymous_5)","decl":{"start":{"line":35,"column":2},"end":{"line":35,"column":10}},"loc":{"start":{"line":35,"column":27},"end":{"line":39,"column":3}}}},"branchMap":{"0":{"loc":{"start":{"line":11,"column":4},"end":{"line":15,"column":5}},"type":"if","locations":[{"start":{"line":11,"column":4},"end":{"line":15,"column":5}}]},"1":{"loc":{"start":{"line":16,"column":4},"end":{"line":18,"column":5}},"type":"if","locations":[{"start":{"line":16,"column":4},"end":{"line":18,"column":5}}]},"2":{"loc":{"start":{"line":37,"column":6},"end":{"line":37,"column":75}},"type":"binary-expr","locations":[{"start":{"line":37,"column":6},"end":{"line":37,"column":36}},{"start":{"line":37,"column":40},"end":{"line":37,"column":75}}]}},"s":{"0":4,"1":4,"2":4,"3":4,"4":0,"5":4,"6":0,"7":6,"8":5,"9":3,"10":3,"11":0,"12":1},"f":{"0":4,"1":4,"2":6,"3":5,"4":3,"5":0},"b":{"0":[0],"1":[0],"2":[0,0]}}
,"/home/andregmdias/Documentos/full_cycle/tdd/project/src/infrastructure/persistence/entities/booking_entity.ts": {"path":"/home/andregmdias/Documentos/full_cycle/tdd/project/src/infrastructure/persistence/entities/booking_entity.ts","statementMap":{"0":{"start":{"line":1,"column":0},"end":{"line":1,"column":65}},"1":{"start":{"line":2,"column":0},"end":{"line":2,"column":49}},"2":{"start":{"line":3,"column":0},"end":{"line":3,"column":35}},"3":{"start":{"line":4,"column":0},"end":{"line":4,"column":41}},"4":{"start":{"line":8,"column":7},"end":{"line":36,"column":null}},"5":{"start":{"line":8,"column":13},"end":{"line":8,"column":26}},"6":{"start":{"line":11,"column":4},"end":{"line":11,"column":null}},"7":{"start":{"line":14,"column":4},"end":{"line":14,"column":null}},"8":{"start":{"line":17,"column":4},"end":{"line":17,"column":null}},"9":{"start":{"line":20,"column":4},"end":{"line":20,"column":null}},"10":{"start":{"line":23,"column":4},"end":{"line":23,"column":null}},"11":{"start":{"line":26,"column":4},"end":{"line":26,"column":null}},"12":{"start":{"line":30,"column":4},"end":{"line":30,"column":null}},"13":{"start":{"line":28,"column":21},"end":{"line":28,"column":35}},"14":{"start":{"line":28,"column":51},"end":{"line":28,"column":68}},"15":{"start":{"line":34,"column":4},"end":{"line":34,"column":null}},"16":{"start":{"line":32,"column":21},"end":{"line":32,"column":31}},"17":{"start":{"line":8,"column":13},"end":{"line":36,"column":null}}},"fnMap":{"0":{"name":"(anonymous_2)","decl":{"start":{"line":28,"column":15},"end":{"line":28,"column":18}},"loc":{"start":{"line":28,"column":21},"end":{"line":28,"column":35}}},"1":{"name":"(anonymous_3)","decl":{"start":{"line":28,"column":37},"end":{"line":28,"column":38}},"loc":{"start":{"line":28,"column":51},"end":{"line":28,"column":68}}},"2":{"name":"(anonymous_4)","decl":{"start":{"line":32,"column":15},"end":{"line":32,"column":18}},"loc":{"start":{"line":32,"column":21},"end":{"line":32,"column":31}}}},"branchMap":{},"s":{"0":1,"1":1,"2":1,"3":1,"4":1,"5":1,"6":1,"7":1,"8":1,"9":1,"10":1,"11":1,"12":1,"13":1,"14":1,"15":1,"16":1,"17":1},"f":{"0":1,"1":1,"2":1},"b":{}}
,"/home/andregmdias/Documentos/full_cycle/tdd/project/src/infrastructure/persistence/entities/property_entity.ts": {"path":"/home/andregmdias/Documentos/full_cycle/tdd/project/src/infrastructure/persistence/entities/property_entity.ts","statementMap":{"0":{"start":{"line":1,"column":0},"end":{"line":1,"column":65}},"1":{"start":{"line":2,"column":0},"end":{"line":2,"column":47}},"2":{"start":{"line":6,"column":7},"end":{"line":58,"column":null}},"3":{"start":{"line":14,"column":4},"end":{"line":14,"column":17}},"4":{"start":{"line":15,"column":4},"end":{"line":15,"column":21}},"5":{"start":{"line":16,"column":4},"end":{"line":16,"column":35}},"6":{"start":{"line":17,"column":4},"end":{"line":17,"column":31}},"7":{"start":{"line":18,"column":4},"end":{"line":18,"column":47}},"8":{"start":{"line":40,"column":4},"end":{"line":40,"column":19}},"9":{"start":{"line":44,"column":4},"end":{"line":44,"column":21}},"10":{"start":{"line":48,"column":4},"end":{"line":48,"column":28}},"11":{"start":{"line":52,"column":4},"end":{"line":52,"column":26}},"12":{"start":{"line":56,"column":4},"end":{"line":56,"column":34}},"13":{"start":{"line":6,"column":13},"end":{"line":6,"column":27}},"14":{"start":{"line":22,"column":2},"end":{"line":22,"column":null}},"15":{"start":{"line":25,"column":2},"end":{"line":25,"column":null}},"16":{"start":{"line":28,"column":2},"end":{"line":28,"column":null}},"17":{"start":{"line":31,"column":2},"end":{"line":31,"column":null}},"18":{"start":{"line":34,"column":2},"end":{"line":34,"column":null}},"19":{"start":{"line":37,"column":2},"end":{"line":37,"column":null}},"20":{"start":{"line":36,"column":19},"end":{"line":36,"column":32}},"21":{"start":{"line":36,"column":47},"end":{"line":36,"column":63}},"22":{"start":{"line":6,"column":13},"end":{"line":58,"column":null}}},"fnMap":{"0":{"name":"(anonymous_2)","decl":{"start":{"line":7,"column":2},"end":{"line":7,"column":null}},"loc":{"start":{"line":12,"column":29},"end":{"line":19,"column":3}}},"1":{"name":"(anonymous_3)","decl":{"start":{"line":39,"column":2},"end":{"line":39,"column":7}},"loc":{"start":{"line":39,"column":7},"end":{"line":41,"column":3}}},"2":{"name":"(anonymous_4)","decl":{"start":{"line":43,"column":2},"end":{"line":43,"column":9}},"loc":{"start":{"line":43,"column":9},"end":{"line":45,"column":3}}},"3":{"name":"(anonymous_5)","decl":{"start":{"line":47,"column":2},"end":{"line":47,"column":16}},"loc":{"start":{"line":47,"column":16},"end":{"line":49,"column":3}}},"4":{"name":"(anonymous_6)","decl":{"start":{"line":51,"column":2},"end":{"line":51,"column":14}},"loc":{"start":{"line":51,"column":14},"end":{"line":53,"column":3}}},"5":{"name":"(anonymous_7)","decl":{"start":{"line":55,"column":2},"end":{"line":55,"column":22}},"loc":{"start":{"line":55,"column":22},"end":{"line":57,"column":3}}},"6":{"name":"(anonymous_8)","decl":{"start":{"line":36,"column":13},"end":{"line":36,"column":16}},"loc":{"start":{"line":36,"column":19},"end":{"line":36,"column":32}}},"7":{"name":"(anonymous_9)","decl":{"start":{"line":36,"column":34},"end":{"line":36,"column":35}},"loc":{"start":{"line":36,"column":47},"end":{"line":36,"column":63}}}},"branchMap":{},"s":{"0":1,"1":1,"2":1,"3":8,"4":8,"5":8,"6":8,"7":8,"8":4,"9":4,"10":4,"11":4,"12":4,"13":1,"14":1,"15":1,"16":1,"17":1,"18":1,"19":1,"20":1,"21":1,"22":1},"f":{"0":8,"1":4,"2":4,"3":4,"4":4,"5":4,"6":1,"7":1},"b":{}}
,"/home/andregmdias/Documentos/full_cycle/tdd/project/src/infrastructure/persistence/entities/user_entity.ts": {"path":"/home/andregmdias/Documentos/full_cycle/tdd/project/src/infrastructure/persistence/entities/user_entity.ts","statementMap":{"0":{"start":{"line":1,"column":0},"end":{"line":1,"column":54}},"1":{"start":{"line":4,"column":7},"end":{"line":23,"column":null}},"2":{"start":{"line":6,"column":8},"end":{"line":6,"column":21}},"3":{"start":{"line":7,"column":8},"end":{"line":7,"column":25}},"4":{"start":{"line":17,"column":8},"end":{"line":17,"column":23}},"5":{"start":{"line":21,"column":8},"end":{"line":21,"column":25}},"6":{"start":{"line":4,"column":13},"end":{"line":4,"column":23}},"7":{"start":{"line":11,"column":4},"end":{"line":11,"column":null}},"8":{"start":{"line":14,"column":4},"end":{"line":14,"column":null}},"9":{"start":{"line":4,"column":13},"end":{"line":23,"column":null}}},"fnMap":{"0":{"name":"(anonymous_2)","decl":{"start":{"line":5,"column":4},"end":{"line":5,"column":16}},"loc":{"start":{"line":5,"column":40},"end":{"line":8,"column":5}}},"1":{"name":"(anonymous_3)","decl":{"start":{"line":16,"column":4},"end":{"line":16,"column":9}},"loc":{"start":{"line":16,"column":9},"end":{"line":18,"column":5}}},"2":{"name":"(anonymous_4)","decl":{"start":{"line":20,"column":4},"end":{"line":20,"column":11}},"loc":{"start":{"line":20,"column":11},"end":{"line":22,"column":5}}}},"branchMap":{},"s":{"0":1,"1":1,"2":8,"3":8,"4":4,"5":4,"6":1,"7":1,"8":1,"9":1},"f":{"0":8,"1":4,"2":4},"b":{}}
,"/home/andregmdias/Documentos/full_cycle/tdd/project/src/infrastructure/persistence/mappers/booking_mapper.ts": {"path":"/home/andregmdias/Documentos/full_cycle/tdd/project/src/infrastructure/persistence/mappers/booking_mapper.ts","statementMap":{"0":{"start":{"line":1,"column":0},"end":{"line":1,"column":57}},"1":{"start":{"line":2,"column":0},"end":{"line":2,"column":57}},"2":{"start":{"line":4,"column":0},"end":{"line":4,"column":41}},"3":{"start":{"line":5,"column":0},"end":{"line":5,"column":67}},"4":{"start":{"line":6,"column":0},"end":{"line":6,"column":49}},"5":{"start":{"line":10,"column":22},"end":{"line":10,"column":56}},"6":{"start":{"line":11,"column":26},"end":{"line":13,"column":null}},"7":{"start":{"line":16,"column":24},"end":{"line":21,"column":null}},"8":{"start":{"line":24,"column":8},"end":{"line":24,"column":58}},"9":{"start":{"line":25,"column":8},"end":{"line":25,"column":42}},"10":{"start":{"line":27,"column":8},"end":{"line":27,"column":23}},"11":{"start":{"line":31,"column":23},"end":{"line":31,"column":42}},"12":{"start":{"line":32,"column":8},"end":{"line":32,"column":34}},"13":{"start":{"line":33,"column":8},"end":{"line":33,"column":72}},"14":{"start":{"line":34,"column":8},"end":{"line":34,"column":61}},"15":{"start":{"line":35,"column":8},"end":{"line":35,"column":63}},"16":{"start":{"line":36,"column":8},"end":{"line":36,"column":59}},"17":{"start":{"line":37,"column":8},"end":{"line":37,"column":54}},"18":{"start":{"line":38,"column":8},"end":{"line":38,"column":42}},"19":{"start":{"line":39,"column":8},"end":{"line":39,"column":53}},"20":{"start":{"line":41,"column":8},"end":{"line":41,"column":22}},"21":{"start":{"line":8,"column":0},"end":{"line":8,"column":13}}},"fnMap":{"0":{"name":"(anonymous_0)","decl":{"start":{"line":9,"column":4},"end":{"line":9,"column":10}},"loc":{"start":{"line":9,"column":64},"end":{"line":28,"column":5}}},"1":{"name":"(anonymous_1)","decl":{"start":{"line":30,"column":4},"end":{"line":30,"column":10}},"loc":{"start":{"line":30,"column":35},"end":{"line":42,"column":5}}}},"branchMap":{"0":{"loc":{"start":{"line":18,"column":12},"end":{"line":18,"column":66}},"type":"binary-expr","locations":[{"start":{"line":18,"column":12},"end":{"line":18,"column":20}},{"start":{"line":18,"column":24},"end":{"line":18,"column":66}}]}},"s":{"0":1,"1":1,"2":1,"3":1,"4":1,"5":1,"6":1,"7":1,"8":1,"9":1,"10":1,"11":3,"12":3,"13":3,"14":3,"15":3,"16":3,"17":3,"18":3,"19":3,"20":3,"21":1},"f":{"0":1,"1":3},"b":{"0":[1,1]}}
,"/home/andregmdias/Documentos/full_cycle/tdd/project/src/infrastructure/persistence/mappers/property_mapper.ts": {"path":"/home/andregmdias/Documentos/full_cycle/tdd/project/src/infrastructure/persistence/mappers/property_mapper.ts","statementMap":{"0":{"start":{"line":1,"column":0},"end":{"line":1,"column":61}},"1":{"start":{"line":2,"column":0},"end":{"line":2,"column":61}},"2":{"start":{"line":6,"column":4},"end":{"line":12,"column":6}},"3":{"start":{"line":16,"column":4},"end":{"line":22,"column":6}},"4":{"start":{"line":4,"column":0},"end":{"line":4,"column":13}}},"fnMap":{"0":{"name":"(anonymous_0)","decl":{"start":{"line":5,"column":2},"end":{"line":5,"column":8}},"loc":{"start":{"line":5,"column":42},"end":{"line":13,"column":3}}},"1":{"name":"(anonymous_1)","decl":{"start":{"line":15,"column":2},"end":{"line":15,"column":8}},"loc":{"start":{"line":15,"column":34},"end":{"line":23,"column":3}}}},"branchMap":{},"s":{"0":1,"1":1,"2":4,"3":3,"4":1},"f":{"0":4,"1":3},"b":{}}
,"/home/andregmdias/Documentos/full_cycle/tdd/project/src/infrastructure/persistence/mappers/user_mapper.ts": {"path":"/home/andregmdias/Documentos/full_cycle/tdd/project/src/infrastructure/persistence/mappers/user_mapper.ts","statementMap":{"0":{"start":{"line":1,"column":0},"end":{"line":1,"column":51}},"1":{"start":{"line":2,"column":0},"end":{"line":2,"column":51}},"2":{"start":{"line":6,"column":8},"end":{"line":6,"column":58}},"3":{"start":{"line":10,"column":8},"end":{"line":10,"column":null}},"4":{"start":{"line":4,"column":0},"end":{"line":4,"column":13}}},"fnMap":{"0":{"name":"(anonymous_0)","decl":{"start":{"line":5,"column":4},"end":{"line":5,"column":10}},"loc":{"start":{"line":5,"column":40},"end":{"line":7,"column":5}}},"1":{"name":"(anonymous_1)","decl":{"start":{"line":9,"column":4},"end":{"line":9,"column":10}},"loc":{"start":{"line":9,"column":31},"end":{"line":11,"column":5}}}},"branchMap":{},"s":{"0":1,"1":1,"2":4,"3":3,"4":1},"f":{"0":4,"1":3},"b":{}}
,"/home/andregmdias/Documentos/full_cycle/tdd/project/src/infrastructure/repositories/typeorm_booking_repository.ts": {"path":"/home/andregmdias/Documentos/full_cycle/tdd/project/src/infrastructure/repositories/typeorm_booking_repository.ts","statementMap":{"0":{"start":{"line":5,"column":0},"end":{"line":5,"column":68}},"1":{"start":{"line":11,"column":8},"end":{"line":11,"column":37}},"2":{"start":{"line":15,"column":23},"end":{"line":15,"column":55}},"3":{"start":{"line":16,"column":8},"end":{"line":16,"column":43}},"4":{"start":{"line":20,"column":24},"end":{"line":23,"column":10}},"5":{"start":{"line":25,"column":8},"end":{"line":25,"column":66}},"6":{"start":{"line":7,"column":0},"end":{"line":7,"column":13}}},"fnMap":{"0":{"name":"(anonymous_7)","decl":{"start":{"line":10,"column":4},"end":{"line":10,"column":16}},"loc":{"start":{"line":10,"column":53},"end":{"line":12,"column":5}}},"1":{"name":"(anonymous_8)","decl":{"start":{"line":14,"column":10},"end":{"line":14,"column":14}},"loc":{"start":{"line":14,"column":31},"end":{"line":17,"column":null}}},"2":{"name":"(anonymous_10)","decl":{"start":{"line":19,"column":10},"end":{"line":19,"column":18}},"loc":{"start":{"line":19,"column":29},"end":{"line":26,"column":null}}}},"branchMap":{"0":{"loc":{"start":{"line":25,"column":15},"end":{"line":25,"column":65}},"type":"cond-expr","locations":[{"start":{"line":25,"column":25},"end":{"line":25,"column":58}},{"start":{"line":25,"column":61},"end":{"line":25,"column":65}}]}},"s":{"0":1,"1":1,"2":3,"3":3,"4":2,"5":2,"6":1},"f":{"0":1,"1":3,"2":2},"b":{"0":[1,1]}}
,"/home/andregmdias/Documentos/full_cycle/tdd/project/src/infrastructure/repositories/typeorm_property_repository.ts": {"path":"/home/andregmdias/Documentos/full_cycle/tdd/project/src/infrastructure/repositories/typeorm_property_repository.ts","statementMap":{"0":{"start":{"line":5,"column":0},"end":{"line":5,"column":72}},"1":{"start":{"line":11,"column":4},"end":{"line":11,"column":33}},"2":{"start":{"line":15,"column":43},"end":{"line":15,"column":77}},"3":{"start":{"line":16,"column":4},"end":{"line":16,"column":47}},"4":{"start":{"line":19,"column":50},"end":{"line":20,"column":null}},"5":{"start":{"line":23,"column":4},"end":{"line":23,"column":77}},"6":{"start":{"line":7,"column":0},"end":{"line":7,"column":13}}},"fnMap":{"0":{"name":"(anonymous_7)","decl":{"start":{"line":10,"column":2},"end":{"line":10,"column":14}},"loc":{"start":{"line":10,"column":52},"end":{"line":12,"column":3}}},"1":{"name":"(anonymous_8)","decl":{"start":{"line":14,"column":8},"end":{"line":14,"column":12}},"loc":{"start":{"line":14,"column":31},"end":{"line":17,"column":null}}},"2":{"name":"(anonymous_10)","decl":{"start":{"line":18,"column":8},"end":{"line":18,"column":16}},"loc":{"start":{"line":18,"column":27},"end":{"line":24,"column":null}}}},"branchMap":{"0":{"loc":{"start":{"line":23,"column":11},"end":{"line":23,"column":76}},"type":"cond-expr","locations":[{"start":{"line":23,"column":28},"end":{"line":23,"column":69}},{"start":{"line":23,"column":72},"end":{"line":23,"column":76}}]}},"s":{"0":1,"1":1,"2":0,"3":0,"4":4,"5":4,"6":1},"f":{"0":1,"1":0,"2":4},"b":{"0":[3,1]}}
,"/home/andregmdias/Documentos/full_cycle/tdd/project/src/infrastructure/repositories/typeorm_user_repository.ts": {"path":"/home/andregmdias/Documentos/full_cycle/tdd/project/src/infrastructure/repositories/typeorm_user_repository.ts","statementMap":{"0":{"start":{"line":5,"column":0},"end":{"line":5,"column":62}},"1":{"start":{"line":11,"column":8},"end":{"line":11,"column":37}},"2":{"start":{"line":15,"column":27},"end":{"line":15,"column":53}},"3":{"start":{"line":16,"column":8},"end":{"line":16,"column":47}},"4":{"start":{"line":20,"column":46},"end":{"line":20,"column":94}},"5":{"start":{"line":21,"column":8},"end":{"line":21,"column":69}},"6":{"start":{"line":7,"column":0},"end":{"line":7,"column":13}}},"fnMap":{"0":{"name":"(anonymous_7)","decl":{"start":{"line":10,"column":4},"end":{"line":10,"column":16}},"loc":{"start":{"line":10,"column":50},"end":{"line":12,"column":5}}},"1":{"name":"(anonymous_8)","decl":{"start":{"line":14,"column":10},"end":{"line":14,"column":14}},"loc":{"start":{"line":14,"column":25},"end":{"line":17,"column":null}}},"2":{"name":"(anonymous_10)","decl":{"start":{"line":19,"column":10},"end":{"line":19,"column":18}},"loc":{"start":{"line":19,"column":29},"end":{"line":22,"column":null}}}},"branchMap":{"0":{"loc":{"start":{"line":21,"column":15},"end":{"line":21,"column":68}},"type":"cond-expr","locations":[{"start":{"line":21,"column":28},"end":{"line":21,"column":61}},{"start":{"line":21,"column":64},"end":{"line":21,"column":68}}]}},"s":{"0":1,"1":1,"2":0,"3":0,"4":3,"5":3,"6":1},"f":{"0":1,"1":0,"2":3},"b":{"0":[3,0]}}
,"/home/andregmdias/Documentos/full_cycle/tdd/project/src/infrastructure/web/booking_controller.ts": {"path":"/home/andregmdias/Documentos/full_cycle/tdd/project/src/infrastructure/web/booking_controller.ts","statementMap":{"0":{"start":{"line":9,"column":4},"end":{"line":9,"column":41}},"1":{"start":{"line":13,"column":4},"end":{"line":50,"column":5}},"2":{"start":{"line":14,"column":24},"end":{"line":14,"column":52}},"3":{"start":{"line":15,"column":22},"end":{"line":15,"column":48}},"4":{"start":{"line":17,"column":6},"end":{"line":21,"column":7}},"5":{"start":{"line":18,"column":8},"end":{"line":20,"column":66}},"6":{"start":{"line":23,"column":36},"end":{"line":29,"column":8}},"7":{"start":{"line":31,"column":22},"end":{"line":31,"column":66}},"8":{"start":{"line":33,"column":6},"end":{"line":45,"column":9}},"9":{"start":{"line":47,"column":6},"end":{"line":49,"column":78}},"10":{"start":{"line":54,"column":4},"end":{"line":63,"column":5}},"11":{"start":{"line":55,"column":24},"end":{"line":55,"column":37}},"12":{"start":{"line":56,"column":6},"end":{"line":56,"column":57}},"13":{"start":{"line":58,"column":6},"end":{"line":60,"column":63}},"14":{"start":{"line":62,"column":6},"end":{"line":62,"column":74}},"15":{"start":{"line":5,"column":0},"end":{"line":5,"column":13}}},"fnMap":{"0":{"name":"(anonymous_7)","decl":{"start":{"line":8,"column":2},"end":{"line":8,"column":14}},"loc":{"start":{"line":8,"column":44},"end":{"line":10,"column":3}}},"1":{"name":"(anonymous_8)","decl":{"start":{"line":12,"column":8},"end":{"line":12,"column":21}},"loc":{"start":{"line":12,"column":49},"end":{"line":51,"column":null}}},"2":{"name":"(anonymous_10)","decl":{"start":{"line":53,"column":8},"end":{"line":53,"column":21}},"loc":{"start":{"line":53,"column":49},"end":{"line":64,"column":null}}}},"branchMap":{"0":{"loc":{"start":{"line":17,"column":6},"end":{"line":21,"column":7}},"type":"if","locations":[{"start":{"line":17,"column":6},"end":{"line":21,"column":7}}]},"1":{"loc":{"start":{"line":17,"column":10},"end":{"line":17,"column":64}},"type":"binary-expr","locations":[{"start":{"line":17,"column":10},"end":{"line":17,"column":36}},{"start":{"line":17,"column":40},"end":{"line":17,"column":64}}]},"2":{"loc":{"start":{"line":49,"column":27},"end":{"line":49,"column":74}},"type":"binary-expr","locations":[{"start":{"line":49,"column":27},"end":{"line":49,"column":40}},{"start":{"line":49,"column":44},"end":{"line":49,"column":74}}]}},"s":{"0":1,"1":6,"2":6,"3":6,"4":6,"5":2,"6":4,"7":4,"8":2,"9":2,"10":2,"11":2,"12":2,"13":1,"14":1,"15":1},"f":{"0":1,"1":6,"2":2},"b":{"0":[2],"1":[6,5],"2":[2,0]}}
}
