TN:
SF:src/application/services/booking_service.ts
FN:10,(anonymous_7)
FN:15,(anonymous_8)
FN:41,(anonymous_10)
FNF:3
FNH:3
FNDA:1,(anonymous_7)
FNDA:4,(anonymous_8)
FNDA:2,(anonymous_10)
DA:3,1
DA:6,1
DA:7,1
DA:9,1
DA:11,1
DA:12,1
DA:13,1
DA:16,4
DA:18,4
DA:19,1
DA:22,3
DA:24,3
DA:25,0
DA:28,3
DA:30,3
DA:37,2
DA:38,2
DA:42,2
DA:43,2
DA:44,1
DA:47,1
DA:48,1
LF:22
LH:21
BRDA:18,0,0,1
BRDA:24,1,0,0
BRDA:43,2,0,1
BRF:3
BRH:2
end_of_record
TN:
SF:src/application/services/property_service.ts
FN:5,(anonymous_7)
FN:7,(anonymous_8)
FN:11,(anonymous_10)
FNF:3
FNH:2
FNDA:1,(anonymous_7)
FNDA:4,(anonymous_8)
FNDA:0,(anonymous_10)
DA:4,1
DA:5,1
DA:8,4
DA:12,0
LF:4
LH:3
BRF:0
BRH:0
end_of_record
TN:
SF:src/application/services/user_service.ts
FN:5,(anonymous_7)
FN:7,(anonymous_8)
FN:11,(anonymous_10)
FNF:3
FNH:2
FNDA:1,(anonymous_7)
FNDA:3,(anonymous_8)
FNDA:0,(anonymous_10)
DA:4,1
DA:5,1
DA:8,3
DA:12,0
LF:4
LH:3
BRF:0
BRH:0
end_of_record
TN:
SF:src/domain/cacelation/full_refund.ts
FN:4,(anonymous_0)
FNF:1
FNH:0
FNDA:0,(anonymous_0)
DA:3,1
DA:5,0
LF:2
LH:1
BRF:0
BRH:0
end_of_record
TN:
SF:src/domain/cacelation/no_refund.ts
FN:4,(anonymous_0)
FNF:1
FNH:1
FNDA:1,(anonymous_0)
DA:3,1
DA:5,1
LF:2
LH:2
BRF:0
BRH:0
end_of_record
TN:
SF:src/domain/cacelation/partial_refund.ts
FN:4,(anonymous_0)
FNF:1
FNH:0
FNDA:0,(anonymous_0)
DA:3,1
DA:5,0
LF:2
LH:1
BRF:0
BRH:0
end_of_record
TN:
SF:src/domain/cacelation/refund_rule_factory.ts
FN:7,(anonymous_0)
FNF:1
FNH:1
FNDA:1,(anonymous_0)
DA:1,1
DA:2,1
DA:3,1
DA:6,1
DA:8,1
DA:9,0
DA:10,1
DA:11,0
DA:13,1
LF:9
LH:7
BRDA:8,0,0,0
BRDA:8,0,1,1
BRDA:10,1,0,0
BRF:3
BRH:1
end_of_record
TN:
SF:src/domain/entities/booking.ts
FN:15,(anonymous_0)
FN:44,(anonymous_1)
FN:57,(anonymous_2)
FN:61,(anonymous_3)
FN:65,(anonymous_4)
FN:69,(anonymous_5)
FN:73,(anonymous_6)
FN:77,(anonymous_7)
FN:81,(anonymous_8)
FNF:9
FNH:9
FNDA:4,(anonymous_0)
FNDA:1,(anonymous_1)
FNDA:5,(anonymous_2)
FNDA:5,(anonymous_3)
FNDA:5,(anonymous_4)
FNDA:5,(anonymous_5)
FNDA:10,(anonymous_6)
FNDA:5,(anonymous_7)
FNDA:5,(anonymous_8)
DA:1,1
DA:6,1
DA:12,4
DA:22,4
DA:23,1
DA:25,3
DA:27,3
DA:28,0
DA:33,3
DA:34,3
DA:35,3
DA:36,3
DA:37,3
DA:38,3
DA:39,3
DA:41,3
DA:45,1
DA:46,0
DA:48,1
DA:49,1
DA:50,1
DA:51,1
DA:53,1
DA:54,1
DA:58,5
DA:62,5
DA:66,5
DA:70,5
DA:74,10
DA:78,5
DA:82,5
LF:31
LH:29
BRDA:22,0,0,1
BRDA:27,1,0,0
BRDA:45,2,0,0
BRF:3
BRH:1
end_of_record
TN:
SF:src/domain/entities/property.ts
FN:12,(anonymous_0)
FN:34,(anonymous_1)
FN:42,(anonymous_2)
FN:52,(anonymous_3)
FN:54,(anonymous_4)
FN:60,(anonymous_5)
FN:64,(anonymous_6)
FN:68,(anonymous_7)
FN:72,(anonymous_8)
FN:76,(anonymous_9)
FN:80,(anonymous_10)
FN:84,(anonymous_11)
FNF:12
FNH:10
FNDA:4,(anonymous_0)
FNDA:3,(anonymous_1)
FNDA:3,(anonymous_2)
FNDA:3,(anonymous_3)
FNDA:0,(anonymous_4)
FNDA:3,(anonymous_5)
FNDA:5,(anonymous_6)
FNDA:3,(anonymous_7)
FNDA:3,(anonymous_8)
FNDA:3,(anonymous_9)
FNDA:3,(anonymous_10)
FNDA:0,(anonymous_11)
DA:4,1
DA:10,4
DA:19,4
DA:20,0
DA:23,4
DA:24,0
DA:27,4
DA:28,4
DA:29,4
DA:30,4
DA:31,4
DA:35,3
DA:36,0
DA:43,3
DA:44,3
DA:46,3
DA:47,0
DA:49,3
DA:53,3
DA:55,0
DA:61,3
DA:65,5
DA:69,3
DA:73,3
DA:77,3
DA:81,3
DA:85,0
LF:27
LH:21
BRDA:19,0,0,0
BRDA:23,1,0,0
BRDA:35,2,0,0
BRDA:46,3,0,0
BRDA:55,4,0,0
BRDA:55,4,1,0
BRF:6
BRH:0
end_of_record
TN:
SF:src/domain/entities/user.ts
FN:5,(anonymous_0)
FN:18,(anonymous_1)
FN:22,(anonymous_2)
FNF:3
FNH:3
FNDA:4,(anonymous_0)
FNDA:5,(anonymous_1)
FNDA:3,(anonymous_2)
DA:1,1
DA:6,4
DA:7,0
DA:10,4
DA:11,0
DA:14,4
DA:15,4
DA:19,5
DA:23,3
LF:9
LH:7
BRDA:6,0,0,0
BRDA:10,1,0,0
BRF:2
BRH:0
end_of_record
TN:
SF:src/domain/value_objects/date_range.ts
FN:4,(anonymous_0)
FN:10,(anonymous_1)
FN:21,(anonymous_2)
FN:25,(anonymous_3)
FN:29,(anonymous_4)
FN:35,(anonymous_5)
FNF:6
FNH:5
FNDA:4,(anonymous_0)
FNDA:4,(anonymous_1)
FNDA:6,(anonymous_2)
FNDA:5,(anonymous_3)
FNDA:3,(anonymous_4)
FNDA:0,(anonymous_5)
DA:1,1
DA:5,4
DA:6,4
DA:7,4
DA:11,4
DA:12,0
DA:16,4
DA:17,0
DA:22,6
DA:26,5
DA:30,3
DA:32,3
DA:36,0
LF:13
LH:10
BRDA:11,0,0,0
BRDA:16,1,0,0
BRDA:37,2,0,0
BRDA:37,2,1,0
BRF:4
BRH:0
end_of_record
TN:
SF:src/infrastructure/persistence/entities/booking_entity.ts
FN:28,(anonymous_2)
FN:28,(anonymous_3)
FN:32,(anonymous_4)
FNF:3
FNH:3
FNDA:1,(anonymous_2)
FNDA:1,(anonymous_3)
FNDA:1,(anonymous_4)
DA:1,1
DA:2,1
DA:3,1
DA:4,1
DA:8,1
DA:11,1
DA:14,1
DA:17,1
DA:20,1
DA:23,1
DA:26,1
DA:28,1
DA:30,1
DA:32,1
DA:34,1
LF:15
LH:15
BRF:0
BRH:0
end_of_record
TN:
SF:src/infrastructure/persistence/entities/property_entity.ts
FN:7,(anonymous_2)
FN:39,(anonymous_3)
FN:43,(anonymous_4)
FN:47,(anonymous_5)
FN:51,(anonymous_6)
FN:55,(anonymous_7)
FN:36,(anonymous_8)
FN:36,(anonymous_9)
FNF:8
FNH:8
FNDA:8,(anonymous_2)
FNDA:4,(anonymous_3)
FNDA:4,(anonymous_4)
FNDA:4,(anonymous_5)
FNDA:4,(anonymous_6)
FNDA:4,(anonymous_7)
FNDA:1,(anonymous_8)
FNDA:1,(anonymous_9)
DA:1,1
DA:2,1
DA:6,1
DA:14,8
DA:15,8
DA:16,8
DA:17,8
DA:18,8
DA:22,1
DA:25,1
DA:28,1
DA:31,1
DA:34,1
DA:36,1
DA:37,1
DA:40,4
DA:44,4
DA:48,4
DA:52,4
DA:56,4
LF:20
LH:20
BRF:0
BRH:0
end_of_record
TN:
SF:src/infrastructure/persistence/entities/user_entity.ts
FN:5,(anonymous_2)
FN:16,(anonymous_3)
FN:20,(anonymous_4)
FNF:3
FNH:3
FNDA:8,(anonymous_2)
FNDA:4,(anonymous_3)
FNDA:4,(anonymous_4)
DA:1,1
DA:4,1
DA:6,8
DA:7,8
DA:11,1
DA:14,1
DA:17,4
DA:21,4
LF:8
LH:8
BRF:0
BRH:0
end_of_record
TN:
SF:src/infrastructure/persistence/mappers/booking_mapper.ts
FN:9,(anonymous_0)
FN:30,(anonymous_1)
FNF:2
FNH:2
FNDA:1,(anonymous_0)
FNDA:3,(anonymous_1)
DA:1,1
DA:2,1
DA:4,1
DA:5,1
DA:6,1
DA:8,1
DA:10,1
DA:11,1
DA:16,1
DA:24,1
DA:25,1
DA:27,1
DA:31,3
DA:32,3
DA:33,3
DA:34,3
DA:35,3
DA:36,3
DA:37,3
DA:38,3
DA:39,3
DA:41,3
LF:22
LH:22
BRDA:18,0,0,1
BRDA:18,0,1,1
BRF:2
BRH:2
end_of_record
TN:
SF:src/infrastructure/persistence/mappers/property_mapper.ts
FN:5,(anonymous_0)
FN:15,(anonymous_1)
FNF:2
FNH:2
FNDA:4,(anonymous_0)
FNDA:3,(anonymous_1)
DA:1,1
DA:2,1
DA:4,1
DA:6,4
DA:16,3
LF:5
LH:5
BRF:0
BRH:0
end_of_record
TN:
SF:src/infrastructure/persistence/mappers/user_mapper.ts
FN:5,(anonymous_0)
FN:9,(anonymous_1)
FNF:2
FNH:2
FNDA:4,(anonymous_0)
FNDA:3,(anonymous_1)
DA:1,1
DA:2,1
DA:4,1
DA:6,4
DA:10,3
LF:5
LH:5
BRF:0
BRH:0
end_of_record
TN:
SF:src/infrastructure/repositories/typeorm_booking_repository.ts
FN:10,(anonymous_7)
FN:14,(anonymous_8)
FN:19,(anonymous_10)
FNF:3
FNH:3
FNDA:1,(anonymous_7)
FNDA:3,(anonymous_8)
FNDA:2,(anonymous_10)
DA:5,1
DA:7,1
DA:11,1
DA:15,3
DA:16,3
DA:20,2
DA:25,2
LF:7
LH:7
BRDA:25,0,0,1
BRDA:25,0,1,1
BRF:2
BRH:2
end_of_record
TN:
SF:src/infrastructure/repositories/typeorm_property_repository.ts
FN:10,(anonymous_7)
FN:14,(anonymous_8)
FN:18,(anonymous_10)
FNF:3
FNH:2
FNDA:1,(anonymous_7)
FNDA:0,(anonymous_8)
FNDA:4,(anonymous_10)
DA:5,1
DA:7,1
DA:11,1
DA:15,0
DA:16,0
DA:19,4
DA:23,4
LF:7
LH:5
BRDA:23,0,0,3
BRDA:23,0,1,1
BRF:2
BRH:2
end_of_record
TN:
SF:src/infrastructure/repositories/typeorm_user_repository.ts
FN:10,(anonymous_7)
FN:14,(anonymous_8)
FN:19,(anonymous_10)
FNF:3
FNH:2
FNDA:1,(anonymous_7)
FNDA:0,(anonymous_8)
FNDA:3,(anonymous_10)
DA:5,1
DA:7,1
DA:11,1
DA:15,0
DA:16,0
DA:20,3
DA:21,3
LF:7
LH:5
BRDA:21,0,0,3
BRDA:21,0,1,0
BRF:2
BRH:1
end_of_record
TN:
SF:src/infrastructure/web/booking_controller.ts
FN:8,(anonymous_7)
FN:12,(anonymous_8)
FN:53,(anonymous_10)
FNF:3
FNH:3
FNDA:1,(anonymous_7)
FNDA:6,(anonymous_8)
FNDA:2,(anonymous_10)
DA:5,1
DA:9,1
DA:13,6
DA:14,6
DA:15,6
DA:17,6
DA:18,2
DA:23,4
DA:31,4
DA:33,2
DA:47,2
DA:54,2
DA:55,2
DA:56,2
DA:58,1
DA:62,1
LF:16
LH:16
BRDA:17,0,0,2
BRDA:17,1,0,6
BRDA:17,1,1,5
BRDA:49,2,0,2
BRDA:49,2,1,0
BRF:5
BRH:4
end_of_record
